rr4433_attackcase9.r2py timed out against reference_monitor_at5076.r2py
bb3722_attackcase6.r2py timed out against reference_monitor_jz3928.r2py
qc815_attackcase8.r2py timed out against reference_monitor_jz3928.r2py
rr4433_attackcase3.r2py timed out against reference_monitor_jz3928.r2py
tyz212_attackcase1.r2py timed out against reference_monitor_gsl9701.r2py
tyz212_attackcase2.r2py timed out against reference_monitor_gsl9701.r2py
rr4433_attackcase9.r2py timed out against reference_monitor_zx904.r2py
rr4433_attackcase9.r2py timed out against reference_monitor_yx3254.r2py
rr4433_attackcase6.r2py timed out against reference_monitor_yx3254.r2py
tyz212_attackcase1.r2py timed out against reference_monitor_jfz241.r2py
tyz212_attackcase2.r2py timed out against reference_monitor_jfz241.r2py
es5185_attackcase8.r2py timed out against reference_monitor_mx2228.r2py
tyz212_attackcase1.r2py timed out against reference_monitor_yl7685.r2py
tyz212_attackcase2.r2py timed out against reference_monitor_yl7685.r2py
qc815_attackcase13.r2py timed out against reference_monitor_cp4123.r2py
imr8217_attackcase4.r2py timed out against reference_monitor_db4922.r2py
rr4433_attackcase9.r2py timed out against reference_monitor_sl9052.r2py
es5185_attackcase8.r2py timed out against reference_monitor_av3396.r2py
imr8217_attackcase6.r2py timed out against reference_monitor_av3396.r2py
imr8217_attackcase4.r2py timed out against reference_monitor_av3396.r2py
imr8217_attackcase5.r2py timed out against reference_monitor_av3396.r2py
qc815_attackcase13.r2py timed out against reference_monitor_av3396.r2py
rr4433_attackcase9.r2py timed out against reference_monitor_av3396.r2py
qc815_attackcase13.r2py timed out against reference_monitor_nms9607.r2py
rr4433_attackcase6.r2py timed out against reference_monitor_nms9607.r2py
tyz212_attackcase1.r2py timed out against reference_monitor_rwm9998.r2py
tyz212_attackcase2.r2py timed out against reference_monitor_rwm9998.r2py
es5185_attackcase8.r2py timed out against reference_monitor_sm11378.r2py
imr8217_attackcase6.r2py timed out against reference_monitor_sm11378.r2py
imr8217_attackcase4.r2py timed out against reference_monitor_sm11378.r2py
imr8217_attackcase5.r2py timed out against reference_monitor_sm11378.r2py
qc815_attackcase13.r2py timed out against reference_monitor_sm11378.r2py
rr4433_attackcase9.r2py timed out against reference_monitor_sm11378.r2py
es5185_attackcase8.r2py timed out against reference_monitor_ajt9694.r2py
qc815_attackcase13.r2py timed out against reference_monitor_ajt9694.r2py
imr8217_attackcase4.r2py timed out against reference_monitor_hj2118.r2py
tyz212_attackcase1.r2py timed out against reference_monitor_hj2118.r2py
tyz212_attackcase2.r2py timed out against reference_monitor_hj2118.r2py
ag9489_attackcase7.r2py timed out against reference_monitor_sb9156.r2py
aj4128_attackcase3.r2py timed out against reference_monitor_sb9156.r2py
am14079_attackcase5.r2py timed out against reference_monitor_sb9156.r2py
at5076_attackcase8.r2py timed out against reference_monitor_sb9156.r2py
bb3722_attackcase1.r2py timed out against reference_monitor_sb9156.r2py
es5185_attackcase3.r2py timed out against reference_monitor_sb9156.r2py
fkk2008_attackcase2.r2py timed out against reference_monitor_sb9156.r2py
imr8217_attackcase7.r2py timed out against reference_monitor_sb9156.r2py
ns5239_attackcase2.r2py timed out against reference_monitor_sb9156.r2py
pg2441_attackcase7.r2py timed out against reference_monitor_sb9156.r2py
qc815_attackcase3.r2py timed out against reference_monitor_sb9156.r2py
rr4433_attackcase9.r2py timed out against reference_monitor_sb9156.r2py
rsc9069_attackcase7.r2py timed out against reference_monitor_sb9156.r2py
rsh9689_attackcase7.r2py timed out against reference_monitor_sb9156.r2py
tm4258_attackcase4.r2py timed out against reference_monitor_sb9156.r2py
tnl2012_attackcase3.r2py timed out against reference_monitor_sb9156.r2py
bb3722_attackcase6.r2py timed out against reference_monitor_akg9910.r2py
jg7683_attackcase4.r2py timed out against reference_monitor_akg9910.r2py
jg7683_attackcase3.r2py timed out against reference_monitor_akg9910.r2py
nd2661_attackcase6.r2py timed out against reference_monitor_akg9910.r2py
nd2661_attackcase7.r2py timed out against reference_monitor_akg9910.r2py
qap205_attackcase8.r2py timed out against reference_monitor_akg9910.r2py
qc815_attackcase6.r2py timed out against reference_monitor_akg9910.r2py
qc815_attackcase7.r2py timed out against reference_monitor_akg9910.r2py
qc815_attackcase8.r2py timed out against reference_monitor_akg9910.r2py
rr4433_attackcase3.r2py timed out against reference_monitor_akg9910.r2py
rr4433_attackcase6.r2py timed out against reference_monitor_akg9910.r2py
rsh9689_attackcase11.r2py timed out against reference_monitor_akg9910.r2py
rr4433_attackcase6.r2py timed out against reference_monitor_bp2200.r2py
rr4433_attackcase9.r2py timed out against reference_monitor_vkk2020.r2py
rr4433_attackcase6.r2py timed out against reference_monitor_jzh9076.r2py
rr4433_attackcase9.r2py timed out against reference_monitor_fgd238.r2py
es5185_attackcase6.r2py timed out against reference_monitor_bb3722.r2py
hw2509_attackcase5.r2py timed out against reference_monitor_bb3722.r2py
hw2509_attackcase6.r2py timed out against reference_monitor_bb3722.r2py
hw2509_attackcase1.r2py timed out against reference_monitor_bb3722.r2py
mr7172_attackcase11.r2py timed out against reference_monitor_bb3722.r2py
ns5239_attackcase2.r2py timed out against reference_monitor_bb3722.r2py
qc815_attackcase13.r2py timed out against reference_monitor_bb3722.r2py
rr4433_attackcase8.r2py timed out against reference_monitor_bb3722.r2py
rr4433_attackcase4.r2py timed out against reference_monitor_bb3722.r2py
rr4433_attackcase3.r2py timed out against reference_monitor_rsh9689.r2py
rr4433_attackcase9.r2py timed out against reference_monitor_sl7228.r2py
fkk2008_attackcase5.r2py timed out against reference_monitor_mmy5950.r2py
rr4433_attackcase9.r2py timed out against reference_monitor_ssk9850.r2py
imr8217_attackcase4.r2py timed out against reference_monitor_hq2040.r2py
rr4433_attackcase3.r2py timed out against reference_monitor_ap7949.r2py
rr4433_attackcase9.r2py timed out against reference_monitor_raz6675.r2py
